<?xml version="1.0" encoding="UTF-8"?>
<testng-results ignored="0" total="3" passed="3" failed="0" skipped="0">
  <reporter-output>
  </reporter-output>
  <suite started-at="2022-09-14T14:25:13 EDT" name="Suite" finished-at="2022-09-14T14:25:13 EDT" duration-ms="87">
    <groups>
    </groups>
    <test started-at="2022-09-14T14:25:13 EDT" name="Test" finished-at="2022-09-14T14:25:13 EDT" duration-ms="87">
      <class name="com.test.SampleTest">
        <test-method signature="testCase_1()[pri:0, instance:com.test.SampleTest@fa49800]" started-at="2022-09-14T14:25:13 EDT" name="testCase_1" finished-at="2022-09-14T14:25:13 EDT" duration-ms="6" status="PASS">
          <reporter-output>
          </reporter-output>
        </test-method> <!-- testCase_1 -->
        <test-method signature="testCase_2()[pri:0, instance:com.test.SampleTest@fa49800]" started-at="2022-09-14T14:25:13 EDT" name="testCase_2" finished-at="2022-09-14T14:25:13 EDT" duration-ms="0" status="PASS">
          <reporter-output>
          </reporter-output>
        </test-method> <!-- testCase_2 -->
        <test-method signature="testCase_3()[pri:0, instance:com.test.SampleTest@fa49800]" started-at="2022-09-14T14:25:13 EDT" name="testCase_3" finished-at="2022-09-14T14:25:13 EDT" duration-ms="0" status="PASS">
          <reporter-output>
          </reporter-output>
        </test-method> <!-- testCase_3 -->
      </class> <!-- com.test.SampleTest -->
    </test> <!-- Test -->
  </suite> <!-- Suite -->
</testng-results>
